<?xml version="1.0" encoding="utf-8"?><testsuites name="pytest tests"><testsuite name="pytest" errors="0" failures="0" skipped="1" tests="9" time="0.928" timestamp="2026-02-03T13:02:32.415289+00:00" hostname="agent-env-7e4847d1-f79a-449e-86c3-1636d52eea3c"><testcase classname="backend.tests.test_resource_workflow.TestResourceWorkflowStatus" name="test_get_workflow_status" time="0.351" /><testcase classname="backend.tests.test_resource_workflow.TestResourceWorkflowStatus" name="test_workflow_status_has_actions" time="0.017" /><testcase classname="backend.tests.test_resource_workflow.TestForwardToHoP" name="test_officer_can_forward_to_hop" time="0.288" /><testcase classname="backend.tests.test_resource_workflow.TestForwardToHoP" name="test_status_changes_to_pending_hop_approval" time="0.014" /><testcase classname="backend.tests.test_resource_workflow.TestHoPDecision" name="test_hop_can_approve" time="0.013" /><testcase classname="backend.tests.test_resource_workflow.TestHoPDecision" name="test_status_after_approval" time="0.051" /><testcase classname="backend.tests.test_resource_workflow.TestHoPRejection" name="test_hop_can_reject" time="0.015"><skipped type="pytest.skip" message="Resource not in pending_hop_approval status (current: approved)">/app/backend/tests/test_resource_workflow.py:161: Resource not in pending_hop_approval status (current: approved)</skipped></testcase><testcase classname="backend.tests.test_resource_workflow.TestInvalidEntityType" name="test_invalid_entity_type_returns_400" time="0.051" /><testcase classname="backend.tests.test_resource_workflow.TestResourceNotFound" name="test_nonexistent_resource_returns_404" time="0.011" /></testsuite></testsuites>